<?xml version="1.0" encoding="UTF-8"?>
<testng-results ignored="0" total="1" passed="1" failed="0" skipped="0">
  <reporter-output>
  </reporter-output>
  <suite started-at="2021-11-02T14:56:38 IST" name="smoketest" finished-at="2021-11-02T14:57:16 IST" duration-ms="37230">
    <groups>
    </groups>
    <test started-at="2021-11-02T14:56:38 IST" name="Setup App" finished-at="2021-11-02T14:57:16 IST" duration-ms="37230">
      <class name="ManageTask">
        <test-method is-config="true" signature="startAppiumServer()[pri:0, instance:ManageTask@247bddad]" started-at="2021-11-02T14:56:37 IST" name="startAppiumServer" finished-at="2021-11-02T14:56:38 IST" duration-ms="1023" status="PASS">
          <reporter-output>
          </reporter-output>
        </test-method> <!-- startAppiumServer -->
        <test-method is-config="true" signature="openApp()[pri:0, instance:ManageTask@247bddad]" started-at="2021-11-02T14:56:38 IST" name="openApp" finished-at="2021-11-02T14:56:47 IST" duration-ms="8633" status="PASS">
          <reporter-output>
          </reporter-output>
        </test-method> <!-- openApp -->
        <test-method signature="verifyCompletedTaskAndActiveTask()[pri:0, instance:ManageTask@247bddad]" started-at="2021-11-02T14:56:47 IST" name="verifyCompletedTaskAndActiveTask" finished-at="2021-11-02T14:57:15 IST" duration-ms="28250" status="PASS">
          <reporter-output>
          </reporter-output>
        </test-method> <!-- verifyCompletedTaskAndActiveTask -->
        <test-method is-config="true" signature="tearDown()[pri:0, instance:ManageTask@247bddad]" started-at="2021-11-02T14:57:15 IST" name="tearDown" finished-at="2021-11-02T14:57:16 IST" duration-ms="326" status="PASS">
          <reporter-output>
          </reporter-output>
        </test-method> <!-- tearDown -->
        <test-method is-config="true" signature="stopServer()[pri:0, instance:ManageTask@247bddad]" started-at="2021-11-02T14:57:21 IST" name="stopServer" finished-at="2021-11-02T14:57:21 IST" duration-ms="71" status="PASS">
          <reporter-output>
          </reporter-output>
        </test-method> <!-- stopServer -->
      </class> <!-- ManageTask -->
    </test> <!-- Setup App -->
  </suite> <!-- smoketest -->
</testng-results>
